<?xml version="1.0" encoding="UTF-8"?>
<!-- Generated by org.testng.reporters.JUnitReportReporter -->
<testsuite hostname="SPrakash-PC" name="robi.Login" tests="2" failures="0" timestamp="28 Nov 2018 12:08:39 GMT" time="87.249" errors="0">
  <testcase name="login" time="10.476" classname="robi.Login"/>
  <testcase name="packcheck" time="76.773" classname="robi.Login"/>
</testsuite> <!-- robi.Login -->
