<?xml version="1.0" encoding="UTF-8"?>
<!-- Generated by org.testng.reporters.JUnitReportReporter -->
<testsuite hostname="SPrakash-PC" name="robi.Login" tests="2" failures="0" timestamp="28 Nov 2018 09:28:53 GMT" time="8.173" errors="0">
  <testcase name="login" time="8.124" classname="robi.Login"/>
  <testcase name="packcheck" time="0.049" classname="robi.Login"/>
</testsuite> <!-- robi.Login -->
